<?xml version="1.0" encoding="UTF-8"?>
<coverage generated="1628606008503" clover="3.2.0">
  <project timestamp="1628606008503" name="All files">
    <metrics statements="32" coveredstatements="28" conditionals="44" coveredconditionals="28" methods="7" coveredmethods="7" elements="83" coveredelements="63" complexity="0" loc="32" ncloc="32" packages="2" files="5" classes="5">
      <package name="assesment">
        <metrics statements="27" coveredstatements="23" conditionals="44" coveredconditionals="28" methods="5" coveredmethods="5"/>
        <file name="bmi_calculator.js" path="C:\Users\Raizo\assesment\bmi_calculator.js">
          <metrics statements="3" coveredstatements="3" conditionals="0" coveredconditionals="0" methods="1" coveredmethods="1"/>
          <line num="3" count="6" type="stmt"/>
          <line num="4" count="6" type="stmt"/>
          <line num="7" count="1" type="stmt"/>
        </file>
        <file name="bmi_category.js" path="C:\Users\Raizo\assesment\bmi_category.js">
          <metrics statements="10" coveredstatements="8" conditionals="20" coveredconditionals="12" methods="2" coveredmethods="2"/>
          <line num="1" count="3" type="stmt"/>
          <line num="3" count="3" type="stmt"/>
          <line num="5" count="18" type="stmt"/>
          <line num="12" count="6" type="cond" truecount="1" falsecount="1"/>
          <line num="13" count="6" type="cond" truecount="4" falsecount="0"/>
          <line num="14" count="4" type="cond" truecount="4" falsecount="0"/>
          <line num="15" count="3" type="cond" truecount="3" falsecount="1"/>
          <line num="16" count="0" type="cond" truecount="0" falsecount="4"/>
          <line num="17" count="0" type="cond" truecount="0" falsecount="2"/>
          <line num="20" count="3" type="stmt"/>
        </file>
        <file name="health_risk.js" path="C:\Users\Raizo\assesment\health_risk.js">
          <metrics statements="7" coveredstatements="5" conditionals="20" coveredconditionals="12" methods="1" coveredmethods="1"/>
          <line num="2" count="6" type="cond" truecount="1" falsecount="1"/>
          <line num="3" count="6" type="cond" truecount="4" falsecount="0"/>
          <line num="4" count="4" type="cond" truecount="4" falsecount="0"/>
          <line num="5" count="3" type="cond" truecount="3" falsecount="1"/>
          <line num="6" count="0" type="cond" truecount="0" falsecount="4"/>
          <line num="7" count="0" type="cond" truecount="0" falsecount="2"/>
          <line num="10" count="1" type="stmt"/>
        </file>
        <file name="over_weight_people_count.js" path="C:\Users\Raizo\assesment\over_weight_people_count.js">
          <metrics statements="7" coveredstatements="7" conditionals="4" coveredconditionals="4" methods="1" coveredmethods="1"/>
          <line num="1" count="1" type="stmt"/>
          <line num="4" count="1" type="stmt"/>
          <line num="5" count="1" type="stmt"/>
          <line num="6" count="6" type="cond" truecount="4" falsecount="0"/>
          <line num="7" count="1" type="stmt"/>
          <line num="8" count="1" type="stmt"/>
          <line num="13" count="1" type="stmt"/>
        </file>
      </package>
      <package name="assesment.data">
        <metrics statements="5" coveredstatements="5" conditionals="0" coveredconditionals="0" methods="2" coveredmethods="2"/>
        <file name="db.js" path="C:\Users\Raizo\assesment\data\db.js">
          <metrics statements="5" coveredstatements="5" conditionals="0" coveredconditionals="0" methods="2" coveredmethods="2"/>
          <line num="1" count="4" type="stmt"/>
          <line num="3" count="4" type="stmt"/>
          <line num="6" count="24" type="stmt"/>
          <line num="9" count="24" type="stmt"/>
          <line num="11" count="4" type="stmt"/>
        </file>
      </package>
    </metrics>
  </project>
</coverage>
