{"C:\\Users\\Raizo\\assesment\\bmi_calculator.js": {"path":"C:\\Users\\Raizo\\assesment\\bmi_calculator.js","statementMap":{"0":{"start":{"line":3,"column":14},"end":{"line":3,"column":38}},"1":{"start":{"line":4,"column":2},"end":{"line":4,"column":35}},"2":{"start":{"line":7,"column":0},"end":{"line":7,"column":30}}},"fnMap":{"0":{"name":"calculateBMI","decl":{"start":{"line":2,"column":9},"end":{"line":2,"column":21}},"loc":{"start":{"line":2,"column":36},"end":{"line":5,"column":1}},"line":2}},"branchMap":{},"s":{"0":6,"1":6,"2":1},"f":{"0":6},"b":{},"_coverageSchema":"332fd63041d2c1bcb487cc26dd0d5f7d97098a6c","hash":"e041eebd97b4df7c381959b4fd06fc717a25d87a"}
,"C:\\Users\\Raizo\\assesment\\bmi_category.js": {"path":"C:\\Users\\Raizo\\assesment\\bmi_category.js","statementMap":{"0":{"start":{"line":1,"column":20},"end":{"line":1,"column":40}},"1":{"start":{"line":3,"column":13},"end":{"line":9,"column":1}},"2":{"start":{"line":5,"column":4},"end":{"line":8,"column":10}},"3":{"start":{"line":12,"column":2},"end":{"line":12,"column":41}},"4":{"start":{"line":12,"column":19},"end":{"line":12,"column":41}},"5":{"start":{"line":13,"column":2},"end":{"line":13,"column":57}},"6":{"start":{"line":13,"column":34},"end":{"line":13,"column":57}},"7":{"start":{"line":14,"column":2},"end":{"line":14,"column":53}},"8":{"start":{"line":14,"column":32},"end":{"line":14,"column":53}},"9":{"start":{"line":15,"column":2},"end":{"line":15,"column":58}},"10":{"start":{"line":15,"column":32},"end":{"line":15,"column":58}},"11":{"start":{"line":16,"column":2},"end":{"line":16,"column":56}},"12":{"start":{"line":16,"column":32},"end":{"line":16,"column":56}},"13":{"start":{"line":17,"column":2},"end":{"line":17,"column":45}},"14":{"start":{"line":17,"column":16},"end":{"line":17,"column":45}},"15":{"start":{"line":20,"column":0},"end":{"line":20,"column":39}}},"fnMap":{"0":{"name":"(anonymous_0)","decl":{"start":{"line":4,"column":2},"end":{"line":4,"column":3}},"loc":{"start":{"line":5,"column":4},"end":{"line":8,"column":10}},"line":5},"1":{"name":"bmiCategory","decl":{"start":{"line":11,"column":9},"end":{"line":11,"column":20}},"loc":{"start":{"line":11,"column":26},"end":{"line":18,"column":1}},"line":11}},"branchMap":{"0":{"loc":{"start":{"line":12,"column":2},"end":{"line":12,"column":41}},"type":"if","locations":[{"start":{"line":12,"column":2},"end":{"line":12,"column":41}},{"start":{"line":12,"column":2},"end":{"line":12,"column":41}}],"line":12},"1":{"loc":{"start":{"line":13,"column":2},"end":{"line":13,"column":57}},"type":"if","locations":[{"start":{"line":13,"column":2},"end":{"line":13,"column":57}},{"start":{"line":13,"column":2},"end":{"line":13,"column":57}}],"line":13},"2":{"loc":{"start":{"line":13,"column":6},"end":{"line":13,"column":32}},"type":"binary-expr","locations":[{"start":{"line":13,"column":6},"end":{"line":13,"column":17}},{"start":{"line":13,"column":21},"end":{"line":13,"column":32}}],"line":13},"3":{"loc":{"start":{"line":14,"column":2},"end":{"line":14,"column":53}},"type":"if","locations":[{"start":{"line":14,"column":2},"end":{"line":14,"column":53}},{"start":{"line":14,"column":2},"end":{"line":14,"column":53}}],"line":14},"4":{"loc":{"start":{"line":14,"column":6},"end":{"line":14,"column":30}},"type":"binary-expr","locations":[{"start":{"line":14,"column":6},"end":{"line":14,"column":15}},{"start":{"line":14,"column":19},"end":{"line":14,"column":30}}],"line":14},"5":{"loc":{"start":{"line":15,"column":2},"end":{"line":15,"column":58}},"type":"if","locations":[{"start":{"line":15,"column":2},"end":{"line":15,"column":58}},{"start":{"line":15,"column":2},"end":{"line":15,"column":58}}],"line":15},"6":{"loc":{"start":{"line":15,"column":6},"end":{"line":15,"column":30}},"type":"binary-expr","locations":[{"start":{"line":15,"column":6},"end":{"line":15,"column":15}},{"start":{"line":15,"column":19},"end":{"line":15,"column":30}}],"line":15},"7":{"loc":{"start":{"line":16,"column":2},"end":{"line":16,"column":56}},"type":"if","locations":[{"start":{"line":16,"column":2},"end":{"line":16,"column":56}},{"start":{"line":16,"column":2},"end":{"line":16,"column":56}}],"line":16},"8":{"loc":{"start":{"line":16,"column":6},"end":{"line":16,"column":30}},"type":"binary-expr","locations":[{"start":{"line":16,"column":6},"end":{"line":16,"column":15}},{"start":{"line":16,"column":19},"end":{"line":16,"column":30}}],"line":16},"9":{"loc":{"start":{"line":17,"column":2},"end":{"line":17,"column":45}},"type":"if","locations":[{"start":{"line":17,"column":2},"end":{"line":17,"column":45}},{"start":{"line":17,"column":2},"end":{"line":17,"column":45}}],"line":17}},"s":{"0":3,"1":3,"2":18,"3":6,"4":0,"5":6,"6":2,"7":4,"8":1,"9":3,"10":3,"11":0,"12":0,"13":0,"14":0,"15":3},"f":{"0":18,"1":6},"b":{"0":[0,6],"1":[2,4],"2":[6,6],"3":[1,3],"4":[4,4],"5":[3,0],"6":[3,3],"7":[0,0],"8":[0,0],"9":[0,0]},"_coverageSchema":"332fd63041d2c1bcb487cc26dd0d5f7d97098a6c","hash":"6bea19736b312e32ca89a2dacbe74a3f2b4c30f6"}
,"C:\\Users\\Raizo\\assesment\\health_risk.js": {"path":"C:\\Users\\Raizo\\assesment\\health_risk.js","statementMap":{"0":{"start":{"line":2,"column":2},"end":{"line":2,"column":46}},"1":{"start":{"line":2,"column":19},"end":{"line":2,"column":46}},"2":{"start":{"line":3,"column":2},"end":{"line":3,"column":52}},"3":{"start":{"line":3,"column":34},"end":{"line":3,"column":52}},"4":{"start":{"line":4,"column":2},"end":{"line":4,"column":55}},"5":{"start":{"line":4,"column":32},"end":{"line":4,"column":55}},"6":{"start":{"line":5,"column":2},"end":{"line":5,"column":53}},"7":{"start":{"line":5,"column":32},"end":{"line":5,"column":53}},"8":{"start":{"line":6,"column":2},"end":{"line":6,"column":51}},"9":{"start":{"line":6,"column":32},"end":{"line":6,"column":51}},"10":{"start":{"line":7,"column":2},"end":{"line":7,"column":40}},"11":{"start":{"line":7,"column":16},"end":{"line":7,"column":40}},"12":{"start":{"line":10,"column":0},"end":{"line":10,"column":28}}},"fnMap":{"0":{"name":"healthRisk","decl":{"start":{"line":1,"column":9},"end":{"line":1,"column":19}},"loc":{"start":{"line":1,"column":25},"end":{"line":8,"column":1}},"line":1}},"branchMap":{"0":{"loc":{"start":{"line":2,"column":2},"end":{"line":2,"column":46}},"type":"if","locations":[{"start":{"line":2,"column":2},"end":{"line":2,"column":46}},{"start":{"line":2,"column":2},"end":{"line":2,"column":46}}],"line":2},"1":{"loc":{"start":{"line":3,"column":2},"end":{"line":3,"column":52}},"type":"if","locations":[{"start":{"line":3,"column":2},"end":{"line":3,"column":52}},{"start":{"line":3,"column":2},"end":{"line":3,"column":52}}],"line":3},"2":{"loc":{"start":{"line":3,"column":6},"end":{"line":3,"column":32}},"type":"binary-expr","locations":[{"start":{"line":3,"column":6},"end":{"line":3,"column":17}},{"start":{"line":3,"column":21},"end":{"line":3,"column":32}}],"line":3},"3":{"loc":{"start":{"line":4,"column":2},"end":{"line":4,"column":55}},"type":"if","locations":[{"start":{"line":4,"column":2},"end":{"line":4,"column":55}},{"start":{"line":4,"column":2},"end":{"line":4,"column":55}}],"line":4},"4":{"loc":{"start":{"line":4,"column":6},"end":{"line":4,"column":30}},"type":"binary-expr","locations":[{"start":{"line":4,"column":6},"end":{"line":4,"column":15}},{"start":{"line":4,"column":19},"end":{"line":4,"column":30}}],"line":4},"5":{"loc":{"start":{"line":5,"column":2},"end":{"line":5,"column":53}},"type":"if","locations":[{"start":{"line":5,"column":2},"end":{"line":5,"column":53}},{"start":{"line":5,"column":2},"end":{"line":5,"column":53}}],"line":5},"6":{"loc":{"start":{"line":5,"column":6},"end":{"line":5,"column":30}},"type":"binary-expr","locations":[{"start":{"line":5,"column":6},"end":{"line":5,"column":15}},{"start":{"line":5,"column":19},"end":{"line":5,"column":30}}],"line":5},"7":{"loc":{"start":{"line":6,"column":2},"end":{"line":6,"column":51}},"type":"if","locations":[{"start":{"line":6,"column":2},"end":{"line":6,"column":51}},{"start":{"line":6,"column":2},"end":{"line":6,"column":51}}],"line":6},"8":{"loc":{"start":{"line":6,"column":6},"end":{"line":6,"column":30}},"type":"binary-expr","locations":[{"start":{"line":6,"column":6},"end":{"line":6,"column":15}},{"start":{"line":6,"column":19},"end":{"line":6,"column":30}}],"line":6},"9":{"loc":{"start":{"line":7,"column":2},"end":{"line":7,"column":40}},"type":"if","locations":[{"start":{"line":7,"column":2},"end":{"line":7,"column":40}},{"start":{"line":7,"column":2},"end":{"line":7,"column":40}}],"line":7}},"s":{"0":6,"1":0,"2":6,"3":2,"4":4,"5":1,"6":3,"7":3,"8":0,"9":0,"10":0,"11":0,"12":1},"f":{"0":6},"b":{"0":[0,6],"1":[2,4],"2":[6,6],"3":[1,3],"4":[4,4],"5":[3,0],"6":[3,3],"7":[0,0],"8":[0,0],"9":[0,0]},"_coverageSchema":"332fd63041d2c1bcb487cc26dd0d5f7d97098a6c","hash":"40d9772c51ef5766af6f94281bbabcb4f7cac96a"}
,"C:\\Users\\Raizo\\assesment\\over_weight_people_count.js": {"path":"C:\\Users\\Raizo\\assesment\\over_weight_people_count.js","statementMap":{"0":{"start":{"line":1,"column":17},"end":{"line":1,"column":42}},"1":{"start":{"line":4,"column":14},"end":{"line":4,"column":15}},"2":{"start":{"line":5,"column":2},"end":{"line":10,"column":3}},"3":{"start":{"line":6,"column":4},"end":{"line":9,"column":5}},"4":{"start":{"line":7,"column":6},"end":{"line":7,"column":14}},"5":{"start":{"line":8,"column":6},"end":{"line":8,"column":19}},"6":{"start":{"line":13,"column":0},"end":{"line":13,"column":33}}},"fnMap":{"0":{"name":"overWeightCount","decl":{"start":{"line":3,"column":9},"end":{"line":3,"column":24}},"loc":{"start":{"line":3,"column":30},"end":{"line":11,"column":1}},"line":3}},"branchMap":{"0":{"loc":{"start":{"line":6,"column":4},"end":{"line":9,"column":5}},"type":"if","locations":[{"start":{"line":6,"column":4},"end":{"line":9,"column":5}},{"start":{"line":6,"column":4},"end":{"line":9,"column":5}}],"line":6},"1":{"loc":{"start":{"line":6,"column":8},"end":{"line":6,"column":38}},"type":"binary-expr","locations":[{"start":{"line":6,"column":8},"end":{"line":6,"column":20}},{"start":{"line":6,"column":24},"end":{"line":6,"column":38}}],"line":6}},"s":{"0":1,"1":1,"2":1,"3":6,"4":1,"5":1,"6":1},"f":{"0":1},"b":{"0":[1,5],"1":[6,4]},"_coverageSchema":"332fd63041d2c1bcb487cc26dd0d5f7d97098a6c","hash":"e0bd8f0be65315863b04ca093caf65c36ac78f26"}
,"C:\\Users\\Raizo\\assesment\\data\\db.js": {"path":"C:\\Users\\Raizo\\assesment\\data\\db.js","statementMap":{"0":{"start":{"line":1,"column":11},"end":{"line":1,"column":24}},"1":{"start":{"line":3,"column":16},"end":{"line":3,"column":78}},"2":{"start":{"line":6,"column":26},"end":{"line":6,"column":70}},"3":{"start":{"line":6,"column":50},"end":{"line":6,"column":69}},"4":{"start":{"line":9,"column":29},"end":{"line":9,"column":75}},"5":{"start":{"line":9,"column":53},"end":{"line":9,"column":74}},"6":{"start":{"line":11,"column":0},"end":{"line":11,"column":70}}},"fnMap":{"0":{"name":"(anonymous_0)","decl":{"start":{"line":6,"column":38},"end":{"line":6,"column":39}},"loc":{"start":{"line":6,"column":50},"end":{"line":6,"column":69}},"line":6},"1":{"name":"(anonymous_1)","decl":{"start":{"line":9,"column":41},"end":{"line":9,"column":42}},"loc":{"start":{"line":9,"column":53},"end":{"line":9,"column":74}},"line":9}},"branchMap":{},"s":{"0":4,"1":4,"2":4,"3":24,"4":4,"5":24,"6":4},"f":{"0":24,"1":24},"b":{},"_coverageSchema":"332fd63041d2c1bcb487cc26dd0d5f7d97098a6c","hash":"08e2a829641fa0a5a43b11bd9a147b8701e740c9"}
}
