TN:
SF:C:\Users\Raizo\assesment\bmi_calculator.js
FN:2,calculateBMI
FNF:1
FNH:1
FNDA:6,calculateBMI
DA:3,6
DA:4,6
DA:7,1
LF:3
LH:3
BRF:0
BRH:0
end_of_record
TN:
SF:C:\Users\Raizo\assesment\bmi_category.js
FN:4,(anonymous_0)
FN:11,bmiCategory
FNF:2
FNH:2
FNDA:18,(anonymous_0)
FNDA:6,bmiCategory
DA:1,3
DA:3,3
DA:5,18
DA:12,6
DA:13,6
DA:14,4
DA:15,3
DA:16,0
DA:17,0
DA:20,3
LF:10
LH:8
BRDA:12,0,0,0
BRDA:12,0,1,6
BRDA:13,1,0,2
BRDA:13,1,1,4
BRDA:13,2,0,6
BRDA:13,2,1,6
BRDA:14,3,0,1
BRDA:14,3,1,3
BRDA:14,4,0,4
BRDA:14,4,1,4
BRDA:15,5,0,3
BRDA:15,5,1,0
BRDA:15,6,0,3
BRDA:15,6,1,3
BRDA:16,7,0,0
BRDA:16,7,1,0
BRDA:16,8,0,0
BRDA:16,8,1,0
BRDA:17,9,0,0
BRDA:17,9,1,0
BRF:20
BRH:12
end_of_record
TN:
SF:C:\Users\Raizo\assesment\health_risk.js
FN:1,healthRisk
FNF:1
FNH:1
FNDA:6,healthRisk
DA:2,6
DA:3,6
DA:4,4
DA:5,3
DA:6,0
DA:7,0
DA:10,1
LF:7
LH:5
BRDA:2,0,0,0
BRDA:2,0,1,6
BRDA:3,1,0,2
BRDA:3,1,1,4
BRDA:3,2,0,6
BRDA:3,2,1,6
BRDA:4,3,0,1
BRDA:4,3,1,3
BRDA:4,4,0,4
BRDA:4,4,1,4
BRDA:5,5,0,3
BRDA:5,5,1,0
BRDA:5,6,0,3
BRDA:5,6,1,3
BRDA:6,7,0,0
BRDA:6,7,1,0
BRDA:6,8,0,0
BRDA:6,8,1,0
BRDA:7,9,0,0
BRDA:7,9,1,0
BRF:20
BRH:12
end_of_record
TN:
SF:C:\Users\Raizo\assesment\over_weight_people_count.js
FN:3,overWeightCount
FNF:1
FNH:1
FNDA:1,overWeightCount
DA:1,1
DA:4,1
DA:5,1
DA:6,6
DA:7,1
DA:8,1
DA:13,1
LF:7
LH:7
BRDA:6,0,0,1
BRDA:6,0,1,5
BRDA:6,1,0,6
BRDA:6,1,1,4
BRF:4
BRH:4
end_of_record
TN:
SF:C:\Users\Raizo\assesment\data\db.js
FN:6,(anonymous_0)
FN:9,(anonymous_1)
FNF:2
FNH:2
FNDA:24,(anonymous_0)
FNDA:24,(anonymous_1)
DA:1,4
DA:3,4
DA:6,24
DA:9,24
DA:11,4
LF:5
LH:5
BRF:0
BRH:0
end_of_record
